Start testing: Feb 21 10:35 IST
----------------------------------------------------------
1/1 Testing: rectangletest
1/1 Test: rectangletest
Command: "/home/srikanth/wip/eclispe_workspace/cpp_ccn/test/rectangletest" "-VV"
Directory: /home/srikanth/wip/eclispe_workspace/cpp_ccn/test
"rectangletest" start time: Feb 21 10:35 IST
Output:
----------------------------------------------------------
Running main() from gtest_main.cc
[==========] Running 3 tests from 1 test case.
[----------] Global test environment set-up.
[----------] 3 tests from rectangletest
[ RUN      ] rectangletest.shouldSupportArea
[       OK ] rectangletest.shouldSupportArea (0 ms)
[ RUN      ] rectangletest.shouldSupportPerimeter
[       OK ] rectangletest.shouldSupportPerimeter (0 ms)
[ RUN      ] rectangletest.shouldBeAbleToCreateASquare
[       OK ] rectangletest.shouldBeAbleToCreateASquare (0 ms)
[----------] 3 tests from rectangletest (0 ms total)

[----------] Global test environment tear-down
[==========] 3 tests from 1 test case ran. (1 ms total)
[  PASSED  ] 3 tests.
<end of output>
Test time =   0.03 sec
----------------------------------------------------------
Test Passed.
"rectangletest" end time: Feb 21 10:35 IST
"rectangletest" time elapsed: 00:00:00
----------------------------------------------------------

End testing: Feb 21 10:35 IST
